<?xml version="1.0" encoding="UTF-8"?>
<!-- Generated by org.testng.reporters.JUnitReportReporter -->
<testsuite hostname="CAF-QA-SWAMYK" failures="0" tests="1" name="com.MACU.BUI.Test_Class" time="0.009" errors="0" timestamp="2024-02-26T12:29:26 IST" skipped="0">
  <testcase classname="com.MACU.BUI.Test_Class" name="test" time="0.009"/>
</testsuite> <!-- com.MACU.BUI.Test_Class -->
