<?xml version="1.0" encoding="UTF-8"?>
<!-- Generated by org.testng.reporters.JUnitReportReporter -->
<testsuite hostname="SC-CAF-CND84305MY" failures="0" tests="5" name="com.MACU.BUI.FeedbackAdmin" time="352.652" errors="0" timestamp="2024-09-05T13:20:44 IST" skipped="0">
  <testcase classname="com.MACU.BUI.FeedbackAdmin" name="testSearchanArticleSection" time="34.973"/>
  <system-out/>
  <testcase classname="com.MACU.BUI.FeedbackAdmin" name="testFeedbackPage" time="39.544"/>
  <system-out/>
  <testcase classname="com.MACU.BUI.FeedbackAdmin" name="testMyFeedbackStatus" time="82.167"/>
  <system-out/>
  <testcase classname="com.MACU.BUI.FeedbackAdmin" name="testNavigateToFeedBackAdminReportFlow" time="116.714"/>
  <system-out/>
  <testcase classname="com.MACU.BUI.FeedbackAdmin" name="testSelectingandGivingAsnwerstoReportFlow" time="79.254"/>
  <system-out/>
</testsuite> <!-- com.MACU.BUI.FeedbackAdmin -->
