<?xml version="1.0" encoding="UTF-8"?>
<!-- Generated by org.testng.reporters.JUnitReportReporter -->
<testsuite hostname="SC-CAF-CND84305MY" failures="0" tests="2" name="com.MACU.BUI.FeedbackReport" time="143.638" errors="0" timestamp="2024-09-05T13:26:51 IST" skipped="0">
  <testcase classname="com.MACU.BUI.FeedbackReport" name="testSelectOKCSReport" time="59.866"/>
  <system-out/>
  <testcase classname="com.MACU.BUI.FeedbackReport" name="testFeedbackStatus" time="83.772"/>
  <system-out/>
</testsuite> <!-- com.MACU.BUI.FeedbackReport -->
