<?xml version="1.0" encoding="UTF-8"?>
<!-- Generated by org.testng.reporters.JUnitReportReporter -->
<testsuite hostname="SC-CAF-CND84305MY" failures="0" tests="5" name="com.MACU.BUI.AnswerVotingFeedbackReport" time="324.455" errors="0" timestamp="2024-09-05T12:09:25 IST" skipped="0">
  <testcase classname="com.MACU.BUI.AnswerVotingFeedbackReport" name="testSearchanArticle" time="29.910"/>
  <system-out/>
  <testcase classname="com.MACU.BUI.AnswerVotingFeedbackReport" name="testFeedbackPage" time="23.264"/>
  <system-out/>
  <testcase classname="com.MACU.BUI.AnswerVotingFeedbackReport" name="testMyFeedbackStatus" time="63.428"/>
  <system-out/>
  <testcase classname="com.MACU.BUI.AnswerVotingFeedbackReport" name="testNavigateToAnwserVotingFeedBackReportlow" time="127.525"/>
  <system-out/>
  <testcase classname="com.MACU.BUI.AnswerVotingFeedbackReport" name="testSelectingandGivingAnswerstoReportFlow" time="80.328"/>
  <system-out/>
</testsuite> <!-- com.MACU.BUI.AnswerVotingFeedbackReport -->
