<?xml version="1.0" encoding="UTF-8"?>
<!-- Generated by org.testng.reporters.JUnitReportReporter -->
<testsuite hostname="SC-CAF-CND84305MY" failures="0" tests="2" name="com.MACU.BUI.ContactView" time="55.100" errors="0" timestamp="2024-09-05T12:21:58 IST" skipped="0">
  <testcase classname="com.MACU.BUI.ContactView" name="testNavigateToContacts" time="31.647"/>
  <system-out/>
  <testcase classname="com.MACU.BUI.ContactView" name="testContactView" time="23.453"/>
  <system-out/>
</testsuite> <!-- com.MACU.BUI.ContactView -->
