<?xml version="1.0" encoding="UTF-8"?>
<!-- Generated by org.testng.reporters.JUnitReportReporter -->
<testsuite hostname="SC-CAF-CND84305MY" failures="0" tests="4" name="com.MACU.BUI.CreateNewArticleFlow" time="483.280" errors="0" timestamp="2024-09-05T12:32:56 IST" skipped="0">
  <testcase classname="com.MACU.BUI.CreateNewArticleFlow" name="testNavigateToArticleFlow" time="32.053"/>
  <system-out/>
  <testcase classname="com.MACU.BUI.CreateNewArticleFlow" name="testCreateArticleFlow" time="291.653"/>
  <system-out/>
  <testcase classname="com.MACU.BUI.CreateNewArticleFlow" name="testPublishArticleFlow" time="99.018"/>
  <system-out/>
  <testcase classname="com.MACU.BUI.CreateNewArticleFlow" name="testSearchanArticle" time="60.556"/>
  <system-out/>
</testsuite> <!-- com.MACU.BUI.CreateNewArticleFlow -->
