<?xml version="1.0" encoding="UTF-8"?>
<!-- Generated by org.testng.reporters.JUnitReportReporter -->
<testsuite hostname="SC-CAF-CND84305MY" failures="0" tests="6" name="com.MACU.CP.HomePage" time="123.319" errors="0" timestamp="2024-09-05T11:34:00 IST" skipped="0">
  <testcase classname="com.MACU.CP.HomePage" name="testSearchPage" time="68.975"/>
  <system-out/>
  <testcase classname="com.MACU.CP.HomePage" name="testNewUpdate" time="11.410"/>
  <system-out/>
  <testcase classname="com.MACU.CP.HomePage" name="testTrendingFor" time="3.042"/>
  <system-out/>
  <testcase classname="com.MACU.CP.HomePage" name="testHelpUsImprove" time="11.308"/>
  <system-out/>
  <testcase classname="com.MACU.CP.HomePage" name="testemojis" time="0.075"/>
  <system-out/>
  <testcase classname="com.MACU.CP.HomePage" name="testFooterLinks" time="28.509"/>
  <system-out/>
</testsuite> <!-- com.MACU.CP.HomePage -->
