<?xml version="1.0" encoding="UTF-8"?>
<!-- Generated by org.testng.reporters.JUnitReportReporter -->
<testsuite hostname="SC-CAF-CND84305MY" failures="0" tests="3" name="com.MACU.CP.MyFeedback" time="175.637" errors="0" timestamp="2024-09-05T11:41:58 IST" skipped="0">
  <testcase classname="com.MACU.CP.MyFeedback" name="testJumpToSection" time="24.943"/>
  <system-out/>
  <testcase classname="com.MACU.CP.MyFeedback" name="testFeedbackPage" time="74.883"/>
  <system-out/>
  <testcase classname="com.MACU.CP.MyFeedback" name="testMyFeedbackStatus" time="75.811"/>
  <system-out/>
</testsuite> <!-- com.MACU.CP.MyFeedback -->
