<?xml version="1.0" encoding="UTF-8"?>
<!-- Generated by org.testng.reporters.JUnitReportReporter -->
<testsuite hostname="SC-CAF-CND84305MY" failures="0" tests="3" name="com.MACU.BUI.ModifyArticleFlow" time="220.437" errors="0" timestamp="2024-09-05T12:39:05 IST" skipped="0">
  <testcase classname="com.MACU.BUI.ModifyArticleFlow" name="testNavigateToArticleFlow" time="50.090"/>
  <system-out/>
  <testcase classname="com.MACU.BUI.ModifyArticleFlow" name="testEditArticleFlow" time="117.106"/>
  <system-out/>
  <testcase classname="com.MACU.BUI.ModifyArticleFlow" name="testSearchanArticle" time="53.241"/>
  <system-out/>
</testsuite> <!-- com.MACU.BUI.ModifyArticleFlow -->
