<?xml version="1.0" encoding="UTF-8"?>
<!-- Generated by org.testng.reporters.JUnitReportReporter -->
<testsuite hostname="DESKTOP-N43657M" failures="0" tests="3" name="com.MACU.BUI.Contact_View" time="29.991" errors="0" timestamp="2021-11-05T20:26:59 IST" skipped="0">
  <testcase classname="com.MACU.BUI.Contact_View" name="testNavigateToArticleFlow" time="16.107"/>
  <system-out/>
  <testcase classname="com.MACU.BUI.Contact_View" name="testCreateArticleFlow" time="13.882"/>
  <system-out/>
  <testcase classname="com.MACU.BUI.Contact_View" name="testPublishArticleFlow" time="0.002"/>
  <system-out/>
</testsuite> <!-- com.MACU.BUI.Contact_View -->
