<?xml version="1.0" encoding="UTF-8"?>
<!-- Generated by org.testng.reporters.JUnitReportReporter -->
<testsuite hostname="SC-CAF-CND84305MY" failures="0" tests="5" name="com.MACU.CP.ArticlePage" time="316.011" errors="0" timestamp="2024-09-05T11:22:41 IST" skipped="0">
  <testcase classname="com.MACU.CP.ArticlePage" name="testSearchPage" time="28.603"/>
  <system-out/>
  <testcase classname="com.MACU.CP.ArticlePage" name="testBookmarkArticle" time="83.842"/>
  <system-out/>
  <testcase classname="com.MACU.CP.ArticlePage" name="testShareEmail" time="68.593"/>
  <system-out/>
  <testcase classname="com.MACU.CP.ArticlePage" name="testSearchArticle" time="31.770"/>
  <system-out/>
  <testcase classname="com.MACU.CP.ArticlePage" name="testRequests" time="103.203"/>
  <system-out/>
</testsuite> <!-- com.MACU.CP.ArticlePage -->
