<?xml version="1.0" encoding="UTF-8"?>
<!-- Generated by org.testng.reporters.JUnitReportReporter -->
<testsuite hostname="SC-CAF-CND84305MY" failures="0" tests="5" name="com.MACU.BUI.ThumbsDownFeedBack" time="337.075" errors="0" timestamp="2024-09-05T13:39:26 IST" skipped="0">
  <testcase classname="com.MACU.BUI.ThumbsDownFeedBack" name="testJumpToSection" time="30.798"/>
  <system-out/>
  <testcase classname="com.MACU.BUI.ThumbsDownFeedBack" name="testFeedbackPage" time="22.041"/>
  <system-out/>
  <testcase classname="com.MACU.BUI.ThumbsDownFeedBack" name="testMyFeedbackStatus" time="63.744"/>
  <system-out/>
  <testcase classname="com.MACU.BUI.ThumbsDownFeedBack" name="testNavigateToThumbsDownFeedBackReportFlow" time="122.048"/>
  <system-out/>
  <testcase classname="com.MACU.BUI.ThumbsDownFeedBack" name="testSelectingandGivingAnswerstoReportFlow" time="98.444"/>
  <system-out/>
</testsuite> <!-- com.MACU.BUI.ThumbsDownFeedBack -->
