<?xml version="1.0" encoding="UTF-8"?>
<!-- Generated by org.testng.reporters.JUnitReportReporter -->
<testsuite hostname="SC-CAF-CND84305MY" failures="0" tests="5" name="com.MACU.CP.QuickNavigation" time="192.667" errors="0" timestamp="2024-09-05T11:48:04 IST" skipped="0">
  <testcase classname="com.MACU.CP.QuickNavigation" name="testAssertBookmarkArticle" time="2.015"/>
  <system-out/>
  <testcase classname="com.MACU.CP.QuickNavigation" name="testBookmarkArticle" time="26.955"/>
  <system-out/>
  <testcase classname="com.MACU.CP.QuickNavigation" name="testVerifyBookmarkArticle" time="43.687"/>
  <system-out/>
  <testcase classname="com.MACU.CP.QuickNavigation" name="testPreferencesBookmarkPage" time="58.725"/>
  <system-out/>
  <testcase classname="com.MACU.CP.QuickNavigation" name="testPreferencesNotificationPage" time="61.285"/>
  <system-out/>
</testsuite> <!-- com.MACU.CP.QuickNavigation -->
