<?xml version="1.0" encoding="UTF-8"?>
<!-- Generated by org.testng.reporters.JUnitReportReporter -->
<testsuite hostname="CAF-QA-SWAMYK" failures="0" tests="5" name="com.MACU.BUI.FeedbackAdmin2" time="406.237" errors="0" timestamp="2023-07-28T12:31:35 IST" skipped="0">
  <testcase classname="com.MACU.BUI.FeedbackAdmin2" name="testSearchanArticleSection" time="41.613"/>
  <testcase classname="com.MACU.BUI.FeedbackAdmin2" name="testFeedbackPage" time="56.376"/>
  <testcase classname="com.MACU.BUI.FeedbackAdmin2" name="testMyFeedbackStatus" time="98.806"/>
  <testcase classname="com.MACU.BUI.FeedbackAdmin2" name="testNavigateToFeedBackAdminReportFlow" time="101.401"/>
  <testcase classname="com.MACU.BUI.FeedbackAdmin2" name="testSelectingandGivingAsnwerstoReportFlow" time="108.041"/>
</testsuite> <!-- com.MACU.BUI.FeedbackAdmin2 -->
