<?xml version="1.0" encoding="UTF-8"?>
<!-- Generated by org.testng.reporters.JUnitReportReporter -->
<testsuite hostname="SC-CAF-CND84305MY" failures="0" tests="2" name="com.MACU.BUI.CallOuts" time="232.966" errors="0" timestamp="2024-09-05T12:49:57 IST" skipped="0">
  <testcase classname="com.MACU.BUI.CallOuts" name="testExistingAccount" time="152.099"/>
  <system-out/>
  <testcase classname="com.MACU.BUI.CallOuts" name="testCPCallouts" time="80.867"/>
  <system-out/>
</testsuite> <!-- com.MACU.BUI.CallOuts -->
