<?xml version="1.0" encoding="UTF-8"?>
<!-- Generated by org.testng.reporters.JUnitReportReporter -->
<testsuite hostname="SC-CAF-CND84305MY" failures="0" tests="2" name="com.MACU.BUI.ActionsDashboardReport" time="124.184" errors="0" timestamp="2024-09-05T12:02:34 IST" skipped="0">
  <testcase classname="com.MACU.BUI.ActionsDashboardReport" name="testOKCSReports" time="96.310"/>
  <system-out/>
  <testcase classname="com.MACU.BUI.ActionsDashboardReport" name="testVisitorActionsDashboard" time="27.874"/>
  <system-out/>
</testsuite> <!-- com.MACU.BUI.ActionsDashboardReport -->
