<?xml version="1.0" encoding="UTF-8"?>
<!-- Generated by org.testng.reporters.JUnitReportReporter -->
<testsuite hostname="SC-CAF-CND84305MY" failures="0" tests="4" name="com.MACU.CP.BrowseAllPages" time="349.649" errors="0" timestamp="2024-09-05T11:30:12 IST" skipped="0">
  <testcase classname="com.MACU.CP.BrowseAllPages" name="testHighlightedKeyWords" time="16.851"/>
  <system-out/>
  <testcase classname="com.MACU.CP.BrowseAllPages" name="testFilterByProductAndFilterByCategory" time="150.130"/>
  <system-out/>
  <testcase classname="com.MACU.CP.BrowseAllPages" name="testViewAtoZ" time="126.572"/>
  <system-out/>
  <testcase classname="com.MACU.CP.BrowseAllPages" name="testVerifyKeyWords" time="56.096"/>
  <system-out/>
</testsuite> <!-- com.MACU.CP.BrowseAllPages -->
