<?xml version="1.0" encoding="UTF-8"?>
<!-- Generated by org.testng.reporters.JUnitReportReporter -->
<testsuite hostname="SC-CAF-CND84305MY" failures="0" tests="1" name="com.MACU.BUI.SchedulerJobs" time="43.902" errors="0" timestamp="2024-09-05T13:28:56 IST" skipped="0">
  <testcase classname="com.MACU.BUI.SchedulerJobs" name="testSchedulingReports" time="43.902"/>
  <system-out/>
</testsuite> <!-- com.MACU.BUI.SchedulerJobs -->
