<?xml version="1.0" encoding="UTF-8"?>
<!-- Generated by org.testng.reporters.JUnitReportReporter -->
<testsuite hostname="SC-CAF-IN-CND84305MY" failures="0" tests="5" name="com.MACU.BUI.AnswerVotingFeedbackReport2" time="666.825" errors="0" timestamp="2024-04-04T12:48:35 IST" skipped="0">
  <testcase classname="com.MACU.BUI.AnswerVotingFeedbackReport2" name="testSearchanArticle" time="26.203"/>
  <system-out/>
  <testcase classname="com.MACU.BUI.AnswerVotingFeedbackReport2" name="testFeedbackPage" time="22.777"/>
  <system-out/>
  <testcase classname="com.MACU.BUI.AnswerVotingFeedbackReport2" name="testMyFeedbackStatus" time="58.871"/>
  <system-out/>
  <testcase classname="com.MACU.BUI.AnswerVotingFeedbackReport2" name="testNavigateToAnwserVotingFeedBackReportlow" time="80.175"/>
  <system-out/>
  <testcase classname="com.MACU.BUI.AnswerVotingFeedbackReport2" name="testSelectingandGivingAnswerstoReportFlow" time="478.799"/>
  <system-out/>
</testsuite> <!-- com.MACU.BUI.AnswerVotingFeedbackReport2 -->
