<?xml version="1.0" encoding="UTF-8"?>
<!-- Generated by org.testng.reporters.JUnitReportReporter -->
<testsuite hostname="SC-CAF-CND84305MY" failures="0" tests="2" name="com.MACU.BUI.SmileyFacesFeedBackReport" time="127.929" errors="0" timestamp="2024-09-05T13:32:14 IST" skipped="0">
  <testcase classname="com.MACU.BUI.SmileyFacesFeedBackReport" name="testNavigateToAnwserVotingSmileyFacesReportFlow" time="108.862"/>
  <system-out/>
  <testcase classname="com.MACU.BUI.SmileyFacesFeedBackReport" name="testSelectingandVerifyingFlow" time="19.067"/>
  <system-out/>
</testsuite> <!-- com.MACU.BUI.SmileyFacesFeedBackReport -->
