<?xml version="1.0" encoding="UTF-8"?>
<!-- Generated by org.testng.reporters.JUnitReportReporter -->
<testsuite hostname="QA-SWAMYK" failures="0" tests="2" name="com.MACU.BUI.SmileyFacesFeedBackReport2" time="102.762" errors="0" timestamp="2022-09-06T11:36:06 IST" skipped="0">
  <testcase classname="com.MACU.BUI.SmileyFacesFeedBackReport2" name="testNavigateToAnwserVotingSmileyFacesReportFlow" time="54.107"/>
  <system-out/>
  <testcase classname="com.MACU.BUI.SmileyFacesFeedBackReport2" name="testSelectingandVerifyingFlow" time="48.655"/>
  <system-out/>
</testsuite> <!-- com.MACU.BUI.SmileyFacesFeedBackReport2 -->
